rake aborted!
ArgumentError: Missing required arguments: aws_access_key_id, aws_secret_access_key
/Users/chimo/MyWorks/huber/vendor/bundle/ruby/2.2.0/gems/fog-core-1.30.0/lib/fog/core/service.rb:244:in `validate_options'
/Users/chimo/MyWorks/huber/vendor/bundle/ruby/2.2.0/gems/fog-core-1.30.0/lib/fog/core/service.rb:268:in `handle_settings'
/Users/chimo/MyWorks/huber/vendor/bundle/ruby/2.2.0/gems/fog-core-1.30.0/lib/fog/core/service.rb:98:in `new'
/Users/chimo/MyWorks/huber/vendor/bundle/ruby/2.2.0/gems/fog-core-1.30.0/lib/fog/storage.rb:25:in `new'
/Users/chimo/MyWorks/huber/vendor/bundle/ruby/2.2.0/gems/carrierwave-0.10.0/lib/carrierwave/uploader/configuration.rb:83:in `eager_load_fog'
/Users/chimo/MyWorks/huber/vendor/bundle/ruby/2.2.0/gems/carrierwave-0.10.0/lib/carrierwave/uploader/configuration.rb:96:in `fog_credentials='
/Users/chimo/MyWorks/huber/config/initializers/carrierwave.rb:4:in `block in <top (required)>'
/Users/chimo/MyWorks/huber/vendor/bundle/ruby/2.2.0/gems/carrierwave-0.10.0/lib/carrierwave/uploader/configuration.rb:118:in `configure'
/Users/chimo/MyWorks/huber/vendor/bundle/ruby/2.2.0/gems/carrierwave-0.10.0/lib/carrierwave.rb:14:in `configure'
/Users/chimo/MyWorks/huber/config/initializers/carrierwave.rb:1:in `<top (required)>'
/Users/chimo/MyWorks/huber/vendor/bundle/ruby/2.2.0/gems/activesupport-4.2.0/lib/active_support/dependencies.rb:268:in `load'
/Users/chimo/MyWorks/huber/vendor/bundle/ruby/2.2.0/gems/activesupport-4.2.0/lib/active_support/dependencies.rb:268:in `block in load'
/Users/chimo/MyWorks/huber/vendor/bundle/ruby/2.2.0/gems/activesupport-4.2.0/lib/active_support/dependencies.rb:240:in `load_dependency'
/Users/chimo/MyWorks/huber/vendor/bundle/ruby/2.2.0/gems/activesupport-4.2.0/lib/active_support/dependencies.rb:268:in `load'
/Users/chimo/MyWorks/huber/vendor/bundle/ruby/2.2.0/gems/railties-4.2.0/lib/rails/engine.rb:652:in `block in load_config_initializer'
/Users/chimo/MyWorks/huber/vendor/bundle/ruby/2.2.0/gems/activesupport-4.2.0/lib/active_support/notifications.rb:166:in `instrument'
/Users/chimo/MyWorks/huber/vendor/bundle/ruby/2.2.0/gems/railties-4.2.0/lib/rails/engine.rb:651:in `load_config_initializer'
/Users/chimo/MyWorks/huber/vendor/bundle/ruby/2.2.0/gems/railties-4.2.0/lib/rails/engine.rb:616:in `block (2 levels) in <class:Engine>'
/Users/chimo/MyWorks/huber/vendor/bundle/ruby/2.2.0/gems/railties-4.2.0/lib/rails/engine.rb:615:in `each'
/Users/chimo/MyWorks/huber/vendor/bundle/ruby/2.2.0/gems/railties-4.2.0/lib/rails/engine.rb:615:in `block in <class:Engine>'
/Users/chimo/MyWorks/huber/vendor/bundle/ruby/2.2.0/gems/railties-4.2.0/lib/rails/initializable.rb:30:in `instance_exec'
/Users/chimo/MyWorks/huber/vendor/bundle/ruby/2.2.0/gems/railties-4.2.0/lib/rails/initializable.rb:30:in `run'
/Users/chimo/MyWorks/huber/vendor/bundle/ruby/2.2.0/gems/railties-4.2.0/lib/rails/initializable.rb:55:in `block in run_initializers'
/Users/chimo/MyWorks/huber/vendor/bundle/ruby/2.2.0/gems/railties-4.2.0/lib/rails/initializable.rb:44:in `each'
/Users/chimo/MyWorks/huber/vendor/bundle/ruby/2.2.0/gems/railties-4.2.0/lib/rails/initializable.rb:44:in `tsort_each_child'
/Users/chimo/MyWorks/huber/vendor/bundle/ruby/2.2.0/gems/railties-4.2.0/lib/rails/initializable.rb:54:in `run_initializers'
/Users/chimo/MyWorks/huber/vendor/bundle/ruby/2.2.0/gems/railties-4.2.0/lib/rails/application.rb:352:in `initialize!'
/Users/chimo/MyWorks/huber/config/environment.rb:5:in `<top (required)>'
/Users/chimo/MyWorks/huber/vendor/bundle/ruby/2.2.0/gems/activesupport-4.2.0/lib/active_support/dependencies.rb:274:in `require'
/Users/chimo/MyWorks/huber/vendor/bundle/ruby/2.2.0/gems/activesupport-4.2.0/lib/active_support/dependencies.rb:274:in `block in require'
/Users/chimo/MyWorks/huber/vendor/bundle/ruby/2.2.0/gems/activesupport-4.2.0/lib/active_support/dependencies.rb:240:in `load_dependency'
/Users/chimo/MyWorks/huber/vendor/bundle/ruby/2.2.0/gems/activesupport-4.2.0/lib/active_support/dependencies.rb:274:in `require'
/Users/chimo/MyWorks/huber/vendor/bundle/ruby/2.2.0/gems/railties-4.2.0/lib/rails/application.rb:328:in `require_environment!'
/Users/chimo/MyWorks/huber/vendor/bundle/ruby/2.2.0/gems/railties-4.2.0/lib/rails/application.rb:443:in `block in run_tasks_blocks'
Tasks: TOP => noreply_notification:send => environment
(See full trace by running task with --trace)
